<?xml version="1.0" encoding="UTF-8"?>
<!-- Generated by org.testng.reporters.JUnitXMLReporter -->
<testsuite hostname="DESKTOP-37QOBBH" ignored="0" name="Parallel Tests" tests="2" failures="1" timestamp="2022-03-18T20:40:03 CDT" time="15.44" errors="0">
  <testcase name="verifyHomelendinglnk" time="2.706" classname="com.magnus.day28.AssertDemo">
    <failure type="java.lang.AssertionError" message="expected [true] but found [false]">
      <![CDATA[java.lang.AssertionError: expected [true] but found [false]
at com.magnus.day28.AssertDemo.verifyHomelendinglnk(AssertDemo.java:36)
at java.util.concurrent.ThreadPoolExecutor.runWorker(ThreadPoolExecutor.java:1149)
at java.util.concurrent.ThreadPoolExecutor$Worker.run(ThreadPoolExecutor.java:624)
at java.lang.Thread.run(Thread.java:748)
... Removed 16 stack frames]]>
    </failure>
  </testcase> <!-- verifyHomelendinglnk -->
  <testcase name="verifyinvestmentlnk" time="4.77" classname="com.magnus.day28.AssertDemo"/>
</testsuite> <!-- Parallel Tests -->
